0 info it worked if it ends with ok
1 verbose cli [ '/usr/local/bin/node',
1 verbose cli   '/usr/local/bin/npm',
1 verbose cli   'install',
1 verbose cli   'ngMap',
1 verbose cli   '--save' ]
2 info using npm@2.14.12
3 info using node@v4.3.1
4 verbose install initial load of /Users/thomas/Projects/pu/project_unify_mobile/package.json
5 warn package.json ProjectUnifyMobile@1.1.1 No repository field.
6 verbose installManyTop reading scoped package data from /Users/thomas/Projects/pu/project_unify_mobile/node_modules/bower/package.json
7 verbose installManyTop reading scoped package data from /Users/thomas/Projects/pu/project_unify_mobile/node_modules/cucumber/package.json
8 verbose installManyTop reading scoped package data from /Users/thomas/Projects/pu/project_unify_mobile/node_modules/gulp/package.json
9 verbose installManyTop reading scoped package data from /Users/thomas/Projects/pu/project_unify_mobile/node_modules/gulp-concat/package.json
10 verbose installManyTop reading scoped package data from /Users/thomas/Projects/pu/project_unify_mobile/node_modules/gulp-minify-css/package.json
11 verbose installManyTop reading scoped package data from /Users/thomas/Projects/pu/project_unify_mobile/node_modules/gulp-rename/package.json
12 verbose installManyTop reading scoped package data from /Users/thomas/Projects/pu/project_unify_mobile/node_modules/gulp-sass/package.json
13 verbose installManyTop reading scoped package data from /Users/thomas/Projects/pu/project_unify_mobile/node_modules/gulp-util/package.json
14 verbose installManyTop reading scoped package data from /Users/thomas/Projects/pu/project_unify_mobile/node_modules/jasmine-core/package.json
15 verbose installManyTop reading scoped package data from /Users/thomas/Projects/pu/project_unify_mobile/node_modules/karma/package.json
16 verbose installManyTop reading scoped package data from /Users/thomas/Projects/pu/project_unify_mobile/node_modules/karma-chrome-launcher/package.json
17 verbose installManyTop reading scoped package data from /Users/thomas/Projects/pu/project_unify_mobile/node_modules/karma-coverage/package.json
18 verbose installManyTop reading scoped package data from /Users/thomas/Projects/pu/project_unify_mobile/node_modules/karma-coveralls/package.json
19 verbose installManyTop reading scoped package data from /Users/thomas/Projects/pu/project_unify_mobile/node_modules/karma-jasmine/package.json
20 verbose installManyTop reading scoped package data from /Users/thomas/Projects/pu/project_unify_mobile/node_modules/karma-phantomjs-launcher/package.json
21 verbose installManyTop reading scoped package data from /Users/thomas/Projects/pu/project_unify_mobile/node_modules/karma-spec-reporter/package.json
22 verbose installManyTop reading scoped package data from /Users/thomas/Projects/pu/project_unify_mobile/node_modules/phantomjs-prebuilt/package.json
23 verbose installManyTop reading scoped package data from /Users/thomas/Projects/pu/project_unify_mobile/node_modules/shelljs/package.json
24 verbose readDependencies loading dependencies from /Users/thomas/Projects/pu/project_unify_mobile/package.json
25 silly cache add args [ 'ngMap', null ]
26 verbose cache add spec ngMap
27 silly cache add parsed spec Result {
27 silly cache add   raw: 'ngMap',
27 silly cache add   scope: null,
27 silly cache add   name: 'ngMap',
27 silly cache add   rawSpec: '',
27 silly cache add   spec: 'latest',
27 silly cache add   type: 'tag' }
28 silly addNamed ngMap@latest
29 verbose addNamed "latest" is being treated as a dist-tag for ngMap
30 info addNameTag [ 'ngMap', 'latest' ]
31 silly mapToRegistry name ngMap
32 silly mapToRegistry using default registry
33 silly mapToRegistry registry https://registry.npmjs.org/
34 silly mapToRegistry uri https://registry.npmjs.org/ngMap
35 verbose addNameTag registry:https://registry.npmjs.org/ngMap not in flight; fetching
36 verbose request uri https://registry.npmjs.org/ngMap
37 verbose request no auth needed
38 info attempt registry request try #1 at 09:11:04
39 verbose request id 6097fab1aba86d23
40 http request GET https://registry.npmjs.org/ngMap
41 http 404 https://registry.npmjs.org/ngMap
42 verbose headers { 'content-type': 'application/json',
42 verbose headers   'cache-control': 'max-age=0',
42 verbose headers   'content-length': '2',
42 verbose headers   'accept-ranges': 'bytes',
42 verbose headers   date: 'Wed, 16 Mar 2016 08:11:05 GMT',
42 verbose headers   via: '1.1 varnish',
42 verbose headers   age: '0',
42 verbose headers   connection: 'keep-alive',
42 verbose headers   'x-served-by': 'cache-fra1243-FRA',
42 verbose headers   'x-cache': 'MISS',
42 verbose headers   'x-cache-hits': '0',
42 verbose headers   'x-timer': 'S1458115865.148811,VS0,VE117' }
43 silly get cb [ 404,
43 silly get   { 'content-type': 'application/json',
43 silly get     'cache-control': 'max-age=0',
43 silly get     'content-length': '2',
43 silly get     'accept-ranges': 'bytes',
43 silly get     date: 'Wed, 16 Mar 2016 08:11:05 GMT',
43 silly get     via: '1.1 varnish',
43 silly get     age: '0',
43 silly get     connection: 'keep-alive',
43 silly get     'x-served-by': 'cache-fra1243-FRA',
43 silly get     'x-cache': 'MISS',
43 silly get     'x-cache-hits': '0',
43 silly get     'x-timer': 'S1458115865.148811,VS0,VE117' } ]
44 verbose stack Error: Registry returned 404 for GET on https://registry.npmjs.org/ngMap
44 verbose stack     at makeError (/usr/local/lib/node_modules/npm/node_modules/npm-registry-client/lib/request.js:264:12)
44 verbose stack     at CachingRegistryClient.<anonymous> (/usr/local/lib/node_modules/npm/node_modules/npm-registry-client/lib/request.js:242:14)
44 verbose stack     at Request._callback (/usr/local/lib/node_modules/npm/node_modules/npm-registry-client/lib/request.js:172:14)
44 verbose stack     at Request.self.callback (/usr/local/lib/node_modules/npm/node_modules/request/request.js:198:22)
44 verbose stack     at emitTwo (events.js:87:13)
44 verbose stack     at Request.emit (events.js:172:7)
44 verbose stack     at Request.<anonymous> (/usr/local/lib/node_modules/npm/node_modules/request/request.js:1082:10)
44 verbose stack     at emitOne (events.js:82:20)
44 verbose stack     at Request.emit (events.js:169:7)
44 verbose stack     at IncomingMessage.<anonymous> (/usr/local/lib/node_modules/npm/node_modules/request/request.js:1009:12)
45 verbose statusCode 404
46 verbose pkgid ngMap
47 verbose cwd /Users/thomas/Projects/pu/project_unify_mobile
48 error Darwin 14.5.0
49 error argv "/usr/local/bin/node" "/usr/local/bin/npm" "install" "ngMap" "--save"
50 error node v4.3.1
51 error npm  v2.14.12
52 error code E404
53 error 404 Registry returned 404 for GET on https://registry.npmjs.org/ngMap
53 error 404
53 error 404 'ngMap' is not in the npm registry.
53 error 404 Your package name is not valid, because
53 error 404
53 error 404  1. name can no longer contain capital letters
53 error 404 It was specified as a dependency of 'ProjectUnifyMobile'
53 error 404
53 error 404 Note that you can also install from a
53 error 404 tarball, folder, http url, or git url.
54 verbose exit [ 1, true ]
